# JRE version: 7.0_10-b18
# Java VM: Java HotSpot(TM) 64-Bit Server VM (23.6-b04 mixed mode linux-amd64 compressed oops)
Heap
 PSYoungGen      total 169216K, used 47358K [0x00000000f5560000, 0x0000000100000000, 0x0000000100000000)
  eden space 163712K, 28% used [0x00000000f5560000,0x00000000f839f998,0x00000000ff540000)
  from space 5504K, 0% used [0x00000000ff540000,0x00000000ff540000,0x00000000ffaa0000)
  to   space 5504K, 0% used [0x00000000ffaa0000,0x00000000ffaa0000,0x0000000100000000)
 ParOldGen       total 163328K, used 73056K [0x00000000e0000000, 0x00000000e9f80000, 0x00000000f5560000)
  object space 163328K, 44% used [0x00000000e0000000,0x00000000e47582c8,0x00000000e9f80000)
 PSPermGen       total 48256K, used 22669K [0x00000000dae00000, 0x00000000ddd20000, 0x00000000e0000000)
  object space 48256K, 46% used [0x00000000dae00000,0x00000000dc423418,0x00000000ddd20000)
GC Heap History (10 events):
Event: 14,835 GC heap before
{Heap before GC invocations=12 (full 2):
 PSYoungGen      total 134656K, used 130048K [0x00000000f5560000, 0x0000000100000000, 0x0000000100000000)
  eden space 130048K, 100% used [0x00000000f5560000,0x00000000fd460000,0x00000000fd460000)
  from space 4608K, 0% used [0x00000000fd460000,0x00000000fd460000,0x00000000fd8e0000)
  to   space 5056K, 0% used [0x00000000ffb10000,0x00000000ffb10000,0x0000000100000000)
 ParOldGen       total 56000K, used 23954K [0x00000000e0000000, 0x00000000e36b0000, 0x00000000f5560000)
  object space 56000K, 42% used [0x00000000e0000000,0x00000000e17648a0,0x00000000e36b0000)
 PSPermGen       total 50304K, used 22218K [0x00000000dae00000, 0x00000000ddf20000, 0x00000000e0000000)
  object space 50304K, 44% used [0x00000000dae00000,0x00000000dc3b2bf8,0x00000000ddf20000)
Event: 14,885 GC heap after
Heap after GC invocations=12 (full 2):
 PSYoungGen      total 154688K, used 64K [0x00000000f5560000, 0x00000000ffb20000, 0x0000000100000000)
  eden space 154624K, 0% used [0x00000000f5560000,0x00000000f5560000,0x00000000fec60000)
  from space 64K, 100% used [0x00000000ffb10000,0x00000000ffb20000,0x00000000ffb20000)
  to   space 5312K, 0% used [0x00000000ff0c0000,0x00000000ff0c0000,0x00000000ff5f0000)
 ParOldGen       total 88832K, used 56722K [0x00000000e0000000, 0x00000000e56c0000, 0x00000000f5560000)
  object space 88832K, 63% used [0x00000000e0000000,0x00000000e37648b0,0x00000000e56c0000)
 PSPermGen       total 50304K, used 22218K [0x00000000dae00000, 0x00000000ddf20000, 0x00000000e0000000)
  object space 50304K, 44% used [0x00000000dae00000,0x00000000dc3b2bf8,0x00000000ddf20000)
}
Event: 15,788 GC heap before
{Heap before GC invocations=13 (full 2):
 PSYoungGen      total 154688K, used 154688K [0x00000000f5560000, 0x00000000ffb20000, 0x0000000100000000)
  eden space 154624K, 100% used [0x00000000f5560000,0x00000000fec60000,0x00000000fec60000)
  from space 64K, 100% used [0x00000000ffb10000,0x00000000ffb20000,0x00000000ffb20000)
  to   space 5312K, 0% used [0x00000000ff0c0000,0x00000000ff0c0000,0x00000000ff5f0000)
 ParOldGen       total 88832K, used 56722K [0x00000000e0000000, 0x00000000e56c0000, 0x00000000f5560000)
  object space 88832K, 63% used [0x00000000e0000000,0x00000000e37648b0,0x00000000e56c0000)
 PSPermGen       total 50304K, used 22219K [0x00000000dae00000, 0x00000000ddf20000, 0x00000000e0000000)
  object space 50304K, 44% used [0x00000000dae00000,0x00000000dc3b2d70,0x00000000ddf20000)
Event: 15,791 GC heap after
Heap after GC invocations=13 (full 2):
 PSYoungGen      total 164416K, used 32K [0x00000000f5560000, 0x0000000100000000, 0x0000000100000000)
  eden space 159104K, 0% used [0x00000000f5560000,0x00000000f5560000,0x00000000ff0c0000)
  from space 5312K, 0% used [0x00000000ff0c0000,0x00000000ff0c8000,0x00000000ff5f0000)
  to   space 5440K, 0% used [0x00000000ffab0000,0x00000000ffab0000,0x0000000100000000)
 ParOldGen       total 88832K, used 56722K [0x00000000e0000000, 0x00000000e56c0000, 0x00000000f5560000)
  object space 88832K, 63% used [0x00000000e0000000,0x00000000e37648b0,0x00000000e56c0000)
 PSPermGen       total 50304K, used 22219K [0x00000000dae00000, 0x00000000ddf20000, 0x00000000e0000000)
  object space 50304K, 44% used [0x00000000dae00000,0x00000000dc3b2d70,0x00000000ddf20000)
}
Event: 16,580 GC heap before
{Heap before GC invocations=14 (full 2):
 PSYoungGen      total 164416K, used 137822K [0x00000000f5560000, 0x0000000100000000, 0x0000000100000000)
  eden space 159104K, 86% used [0x00000000f5560000,0x00000000fdbefa80,0x00000000ff0c0000)
  from space 5312K, 0% used [0x00000000ff0c0000,0x00000000ff0c8000,0x00000000ff5f0000)
  to   space 5440K, 0% used [0x00000000ffab0000,0x00000000ffab0000,0x0000000100000000)
 ParOldGen       total 88832K, used 56722K [0x00000000e0000000, 0x00000000e56c0000, 0x00000000f5560000)
  object space 88832K, 63% used [0x00000000e0000000,0x00000000e37648b0,0x00000000e56c0000)
 PSPermGen       total 50304K, used 22219K [0x00000000dae00000, 0x00000000ddf20000, 0x00000000e0000000)
  object space 50304K, 44% used [0x00000000dae00000,0x00000000dc3b2d70,0x00000000ddf20000)
Event: 16,581 GC heap after
Heap after GC invocations=14 (full 2):
 PSYoungGen      total 169152K, used 32K [0x00000000f5560000, 0x0000000100000000, 0x0000000100000000)
  eden space 163712K, 0% used [0x00000000f5560000,0x00000000f5560000,0x00000000ff540000)
  from space 5440K, 0% used [0x00000000ffab0000,0x00000000ffab8000,0x0000000100000000)
  to   space 5504K, 0% used [0x00000000ff540000,0x00000000ff540000,0x00000000ffaa0000)
 ParOldGen       total 88832K, used 56722K [0x00000000e0000000, 0x00000000e56c0000, 0x00000000f5560000)
  object space 88832K, 63% used [0x00000000e0000000,0x00000000e37648b0,0x00000000e56c0000)
 PSPermGen       total 50304K, used 22219K [0x00000000dae00000, 0x00000000ddf20000, 0x00000000e0000000)
  object space 50304K, 44% used [0x00000000dae00000,0x00000000dc3b2d70,0x00000000ddf20000)
}
Event: 17,013 GC heap before
{Heap before GC invocations=15 (full 2):
 PSYoungGen      total 169152K, used 143374K [0x00000000f5560000, 0x0000000100000000, 0x0000000100000000)
  eden space 163712K, 87% used [0x00000000f5560000,0x00000000fe15bb20,0x00000000ff540000)
  from space 5440K, 0% used [0x00000000ffab0000,0x00000000ffab8000,0x0000000100000000)
  to   space 5504K, 0% used [0x00000000ff540000,0x00000000ff540000,0x00000000ffaa0000)
 ParOldGen       total 88832K, used 56722K [0x00000000e0000000, 0x00000000e56c0000, 0x00000000f5560000)
  object space 88832K, 63% used [0x00000000e0000000,0x00000000e37648b0,0x00000000e56c0000)
 PSPermGen       total 50304K, used 22220K [0x00000000dae00000, 0x00000000ddf20000, 0x00000000e0000000)
  object space 50304K, 44% used [0x00000000dae00000,0x00000000dc3b3020,0x00000000ddf20000)
Event: 17,244 GC heap after
Heap after GC invocations=15 (full 2):
 PSYoungGen      total 169216K, used 64K [0x00000000f5560000, 0x0000000100000000, 0x0000000100000000)
  eden space 163712K, 0% used [0x00000000f5560000,0x00000000f5560000,0x00000000ff540000)
  from space 5504K, 1% used [0x00000000ff540000,0x00000000ff550000,0x00000000ffaa0000)
  to   space 5504K, 0% used [0x00000000ffaa0000,0x00000000ffaa0000,0x0000000100000000)
 ParOldGen       total 220032K, used 187794K [0x00000000e0000000, 0x00000000ed6e0000, 0x00000000f5560000)
  object space 220032K, 85% used [0x00000000e0000000,0x00000000eb7648d0,0x00000000ed6e0000)
 PSPermGen       total 50304K, used 22220K [0x00000000dae00000, 0x00000000ddf20000, 0x00000000e0000000)
  object space 50304K, 44% used [0x00000000dae00000,0x00000000dc3b3020,0x00000000ddf20000)
}
Event: 17,244 GC heap before
{Heap before GC invocations=16 (full 3):
 PSYoungGen      total 169216K, used 64K [0x00000000f5560000, 0x0000000100000000, 0x0000000100000000)
  eden space 163712K, 0% used [0x00000000f5560000,0x00000000f5560000,0x00000000ff540000)
  from space 5504K, 1% used [0x00000000ff540000,0x00000000ff550000,0x00000000ffaa0000)
  to   space 5504K, 0% used [0x00000000ffaa0000,0x00000000ffaa0000,0x0000000100000000)
 ParOldGen       total 220032K, used 187794K [0x00000000e0000000, 0x00000000ed6e0000, 0x00000000f5560000)
  object space 220032K, 85% used [0x00000000e0000000,0x00000000eb7648d0,0x00000000ed6e0000)
 PSPermGen       total 50304K, used 22220K [0x00000000dae00000, 0x00000000ddf20000, 0x00000000e0000000)
  object space 50304K, 44% used [0x00000000dae00000,0x00000000dc3b3020,0x00000000ddf20000)
Event: 17,447 GC heap after
Heap after GC invocations=16 (full 3):
 PSYoungGen      total 169216K, used 0K [0x00000000f5560000, 0x0000000100000000, 0x0000000100000000)
  eden space 163712K, 0% used [0x00000000f5560000,0x00000000f5560000,0x00000000ff540000)
  from space 5504K, 0% used [0x00000000ff540000,0x00000000ff540000,0x00000000ffaa0000)
  to   space 5504K, 0% used [0x00000000ffaa0000,0x00000000ffaa0000,0x0000000100000000)
 ParOldGen       total 163328K, used 73056K [0x00000000e0000000, 0x00000000e9f80000, 0x00000000f5560000)
  object space 163328K, 44% used [0x00000000e0000000,0x00000000e47582c8,0x00000000e9f80000)
 PSPermGen       total 48256K, used 22220K [0x00000000dae00000, 0x00000000ddd20000, 0x00000000e0000000)
  object space 48256K, 46% used [0x00000000dae00000,0x00000000dc3b3020,0x00000000ddd20000)
}

